=== Los índices ya existen. ===
=== Iniciando mapeo con HISAT2 ===
Procesando muestra: SRR21013136
  Indexando BAM...
Muestra SRR21013136 finalizada exitosamente.
------------------------------------------------
Procesando muestra: SRR21013137
  Indexando BAM...
Muestra SRR21013137 finalizada exitosamente.
------------------------------------------------
Procesando muestra: SRR21013138
  Indexando BAM...
Muestra SRR21013138 finalizada exitosamente.
------------------------------------------------
Procesando muestra: SRR21013139
  Indexando BAM...
Muestra SRR21013139 finalizada exitosamente.
------------------------------------------------
Procesando muestra: SRR21013140
  Indexando BAM...
Muestra SRR21013140 finalizada exitosamente.
------------------------------------------------
Procesando muestra: SRR21013141
  Indexando BAM...
Muestra SRR21013141 finalizada exitosamente.
------------------------------------------------
Procesando muestra: SRR21013142
  Indexando BAM...
Muestra SRR21013142 finalizada exitosamente.
------------------------------------------------
Procesando muestra: SRR21013143
  Indexando BAM...
Muestra SRR21013143 finalizada exitosamente.
------------------------------------------------
Procesando muestra: SRR21013144
  Indexando BAM...
Muestra SRR21013144 finalizada exitosamente.
------------------------------------------------
Procesando muestra: SRR21013145
  Indexando BAM...
Muestra SRR21013145 finalizada exitosamente.
------------------------------------------------
Procesando muestra: SRR21013146
  Indexando BAM...
Muestra SRR21013146 finalizada exitosamente.
------------------------------------------------
Procesando muestra: SRR21013147
  Indexando BAM...
Muestra SRR21013147 finalizada exitosamente.
------------------------------------------------
Procesando muestra: SRR21013148
  Indexando BAM...
Muestra SRR21013148 finalizada exitosamente.
------------------------------------------------
Procesando muestra: SRR21013149
  Indexando BAM...
Muestra SRR21013149 finalizada exitosamente.
------------------------------------------------
Procesando muestra: SRR21013150
  Indexando BAM...
Muestra SRR21013150 finalizada exitosamente.
------------------------------------------------
=== Alineamineto terminado ===
