Archivos trimmed encontrados para procesar:
/mnt/data/transcriptomica/iperez/proyectofinal/exp/trimmed_fastqs/SRR21013136_trimmed.fastq.gz
/mnt/data/transcriptomica/iperez/proyectofinal/exp/trimmed_fastqs/SRR21013137_trimmed.fastq.gz
/mnt/data/transcriptomica/iperez/proyectofinal/exp/trimmed_fastqs/SRR21013138_trimmed.fastq.gz
/mnt/data/transcriptomica/iperez/proyectofinal/exp/trimmed_fastqs/SRR21013139_trimmed.fastq.gz
/mnt/data/transcriptomica/iperez/proyectofinal/exp/trimmed_fastqs/SRR21013140_trimmed.fastq.gz
/mnt/data/transcriptomica/iperez/proyectofinal/exp/trimmed_fastqs/SRR21013141_trimmed.fastq.gz
/mnt/data/transcriptomica/iperez/proyectofinal/exp/trimmed_fastqs/SRR21013142_trimmed.fastq.gz
/mnt/data/transcriptomica/iperez/proyectofinal/exp/trimmed_fastqs/SRR21013143_trimmed.fastq.gz
/mnt/data/transcriptomica/iperez/proyectofinal/exp/trimmed_fastqs/SRR21013144_trimmed.fastq.gz
/mnt/data/transcriptomica/iperez/proyectofinal/exp/trimmed_fastqs/SRR21013145_trimmed.fastq.gz
/mnt/data/transcriptomica/iperez/proyectofinal/exp/trimmed_fastqs/SRR21013146_trimmed.fastq.gz
/mnt/data/transcriptomica/iperez/proyectofinal/exp/trimmed_fastqs/SRR21013147_trimmed.fastq.gz
/mnt/data/transcriptomica/iperez/proyectofinal/exp/trimmed_fastqs/SRR21013148_trimmed.fastq.gz
/mnt/data/transcriptomica/iperez/proyectofinal/exp/trimmed_fastqs/SRR21013149_trimmed.fastq.gz
/mnt/data/transcriptomica/iperez/proyectofinal/exp/trimmed_fastqs/SRR21013150_trimmed.fastq.gz
-----------------------------------
Analysis complete for SRR21013136_trimmed.fastq.gz
Analysis complete for SRR21013139_trimmed.fastq.gz
Analysis complete for SRR21013138_trimmed.fastq.gz
Analysis complete for SRR21013137_trimmed.fastq.gz
Analysis complete for SRR21013141_trimmed.fastq.gz
Analysis complete for SRR21013140_trimmed.fastq.gz
Analysis complete for SRR21013142_trimmed.fastq.gz
Analysis complete for SRR21013143_trimmed.fastq.gz
Analysis complete for SRR21013144_trimmed.fastq.gz
Analysis complete for SRR21013148_trimmed.fastq.gz
Analysis complete for SRR21013145_trimmed.fastq.gz
Analysis complete for SRR21013146_trimmed.fastq.gz
Analysis complete for SRR21013147_trimmed.fastq.gz
Analysis complete for SRR21013149_trimmed.fastq.gz
Analysis complete for SRR21013150_trimmed.fastq.gz
¡FastQC de secuencias trimmed finalizado con éxito!
