Verificando/Instalando Cutadapt localmente...
Collecting cutadapt
  Downloading cutadapt-5.2-cp39-cp39-manylinux2014_x86_64.manylinux_2_17_x86_64.manylinux_2_28_x86_64.whl (277 kB)
Collecting xopen>=1.6.0
  Downloading xopen-2.0.2-py3-none-any.whl (17 kB)
Collecting dnaio>=1.2.3
  Downloading dnaio-1.2.3-cp39-cp39-manylinux_2_17_x86_64.manylinux2014_x86_64.whl (109 kB)
Collecting zlib-ng>=0.4.1
  Downloading zlib_ng-1.0.0-cp39-cp39-manylinux2014_x86_64.manylinux_2_17_x86_64.manylinux_2_28_x86_64.whl (132 kB)
Collecting isal>=1.6.1
  Downloading isal-1.8.0-cp39-cp39-manylinux2014_x86_64.manylinux_2_17_x86_64.manylinux_2_28_x86_64.whl (264 kB)
Installing collected packages: zlib-ng, isal, xopen, dnaio, cutadapt
Successfully installed cutadapt-5.2 dnaio-1.2.3 isal-1.8.0 xopen-2.0.2 zlib-ng-1.0.0
Versión de Cutadapt instalada:
5.2
Iniciando el recorte de adaptadores...
--------------------------------------------
Procesando muestra: SRR21013136
This is cutadapt 5.2 with Python 3.9.25
Command line parameters: -a GATCGGAAGAGCACACGTCTGAACTCCAGTCAC -j 4 -m 20 -q 20 -o /mnt/data/transcriptomica/iperez/proyectofinal/exp/trimmed_fastqs/SRR21013136_trimmed.fastq.gz /mnt/data/transcriptomica/iperez/proyectofinal/data/fastqs/SRR21013136//SRR21013136_1.fastq
Processing single-end reads on 4 cores ...

=== Summary ===

Total reads processed:              21,226,825
Reads with adapters:                 2,327,622 (11.0%)

== Read fate breakdown ==
Reads that were too short:           1,719,759 (8.1%)
Reads written (passing filters):    19,507,066 (91.9%)

Total basepairs processed: 1,804,280,125 bp
Quality-trimmed:               4,747,474 bp (0.3%)
Total written (filtered):  1,648,079,748 bp (91.3%)

=== Adapter 1 ===

Sequence: GATCGGAAGAGCACACGTCTGAACTCCAGTCAC; Type: regular 3'; Length: 33; Trimmed: 2327622 times

Minimum overlap: 3
No. of allowed errors:
1-9 bp: 0; 10-19 bp: 1; 20-29 bp: 2; 30-33 bp: 3

Bases preceding removed adapters:
  A: 15.7%
  C: 3.2%
  G: 2.6%
  T: 4.8%
  none/other: 73.7%

Overview of removed sequences
length	count	expect	max.err	error counts
3	303266	331669.1	0	303266
4	41438	82917.3	0	41438
5	20224	20729.3	0	20224
6	14616	5182.3	0	14616
7	13289	1295.6	0	13289
8	14734	323.9	0	14734
9	11217	81.0	0	10425 792
10	11062	20.2	1	10516 546
11	9219	5.1	1	8842 377
12	11364	1.3	1	10968 396
13	8471	0.3	1	8036 435
14	10714	0.1	1	10287 427
15	6228	0.0	1	5876 352
16	8676	0.0	1	8185 491
17	7683	0.0	1	7322 361
18	7394	0.0	1	7023 370 1
19	6373	0.0	1	5962 397 14
20	6647	0.0	2	6209 345 93
21	5524	0.0	2	5145 306 73
22	5521	0.0	2	5086 329 106
23	5642	0.0	2	5160 351 131
24	6171	0.0	2	5718 362 91
25	3735	0.0	2	3424 228 83
26	4433	0.0	2	4067 285 81
27	4835	0.0	2	4410 334 91
28	4590	0.0	2	4098 382 107 3
29	3863	0.0	2	3543 240 63 17
30	3406	0.0	3	3033 260 59 54
31	4010	0.0	3	3549 298 86 77
32	3178	0.0	3	2763 263 91 61
33	3225	0.0	3	2812 241 85 87
34	3442	0.0	3	2985 274 124 59
35	3131	0.0	3	2743 253 78 57
36	2548	0.0	3	2234 190 71 53
37	2695	0.0	3	2308 221 74 92
38	2273	0.0	3	1924 198 85 66
39	3016	0.0	3	2494 282 167 73
40	2937	0.0	3	2476 267 131 63
41	4313	0.0	3	3581 443 187 102
42	5172	0.0	3	4108 641 301 122
43	6197	0.0	3	5088 726 279 104
44	2052	0.0	3	1452 373 164 63
45	1205	0.0	3	814 242 95 54
46	593	0.0	3	428 109 35 21
47	1956	0.0	3	1685 192 56 23
48	767	0.0	3	603 98 49 17
49	324	0.0	3	202 65 39 18
50	904	0.0	3	696 106 48 54
51	442	0.0	3	316 57 53 16
52	209	0.0	3	126 48 26 9
53	697	0.0	3	576 66 29 26
54	863	0.0	3	747 55 44 17
55	132	0.0	3	74 20 22 16
56	55	0.0	3	24 11 9 11
57	43	0.0	3	23 11 6 3
58	152	0.0	3	112 21 14 5
59	17	0.0	3	6 2 3 6
60	26	0.0	3	11 3 6 6
61	62	0.0	3	34 11 10 7
62	19	0.0	3	3 4 9 3
63	8	0.0	3	2 1 5
64	33	0.0	3	6 2 18 7
65	21	0.0	3	3 1 12 5
66	3	0.0	3	0 2 1
67	19	0.0	3	9 2 3 5
68	24	0.0	3	4 12 3 5
69	56	0.0	3	23 13 7 13
70	163	0.0	3	72 38 30 23
71	380	0.0	3	181 115 52 32
72	1535	0.0	3	804 493 149 89
73	5567	0.0	3	2954 1698 657 258
74	7583	0.0	3	3885 2420 882 396
75	4027	0.0	3	1670 1503 573 281
76	889	0.0	3	269 302 219 99
77	499	0.0	3	178 175 89 57
78	401	0.0	3	142 153 69 37
79	443	0.0	3	220 124 59 40
80	753	0.0	3	370 248 98 37
81	1464	0.0	3	780 452 158 74
82	4251	0.0	3	2552 1186 363 150
83	15995	0.0	3	9800 4393 1280 522
84	37394	0.0	3	24320 9804 2327 943
85	1629124	0.0	3	1499603 111633 12194 5694
--------------------------------------------
Procesando muestra: SRR21013137
This is cutadapt 5.2 with Python 3.9.25
Command line parameters: -a GATCGGAAGAGCACACGTCTGAACTCCAGTCAC -j 4 -m 20 -q 20 -o /mnt/data/transcriptomica/iperez/proyectofinal/exp/trimmed_fastqs/SRR21013137_trimmed.fastq.gz /mnt/data/transcriptomica/iperez/proyectofinal/data/fastqs/SRR21013137//SRR21013137_1.fastq
Processing single-end reads on 4 cores ...

=== Summary ===

Total reads processed:              43,566,689
Reads with adapters:                 5,198,428 (11.9%)

== Read fate breakdown ==
Reads that were too short:           3,040,026 (7.0%)
Reads written (passing filters):    40,526,663 (93.0%)

Total basepairs processed: 3,703,168,565 bp
Quality-trimmed:               9,074,725 bp (0.2%)
Total written (filtered):  3,411,008,643 bp (92.1%)

=== Adapter 1 ===

Sequence: GATCGGAAGAGCACACGTCTGAACTCCAGTCAC; Type: regular 3'; Length: 33; Trimmed: 5198428 times

Minimum overlap: 3
No. of allowed errors:
1-9 bp: 0; 10-19 bp: 1; 20-29 bp: 2; 30-33 bp: 3

Bases preceding removed adapters:
  A: 32.0%
  C: 2.9%
  G: 2.3%
  T: 4.5%
  none/other: 58.3%

Overview of removed sequences
length	count	expect	max.err	error counts
3	667913	680729.5	0	667913
4	150751	170182.4	0	150751
5	104589	42545.6	0	104589
6	81761	10636.4	0	81761
7	79301	2659.1	0	79301
8	88045	664.8	0	88045
9	63576	166.2	0	62154 1422
10	63218	41.5	1	60634 2584
11	51454	10.4	1	49872 1582
12	65323	2.6	1	63212 2111
13	47172	0.6	1	45139 2033
14	59809	0.2	1	57660 2149
15	33510	0.0	1	31763 1747
16	48205	0.0	1	45763 2442
17	41625	0.0	1	39862 1763
18	37846	0.0	1	36152 1687 7
19	32816	0.0	1	31148 1653 15
20	33576	0.0	2	31566 1660 350
21	28283	0.0	2	26726 1302 255
22	27601	0.0	2	25681 1570 350
23	27021	0.0	2	24937 1650 434
24	29581	0.0	2	27587 1598 396
25	17303	0.0	2	16052 1026 225
26	21241	0.0	2	19740 1227 274
27	22485	0.0	2	20793 1365 326 1
28	21113	0.0	2	19067 1615 411 20
29	17433	0.0	2	16118 983 230 102
30	15506	0.0	3	14013 958 247 288
31	17171	0.0	3	15412 1120 310 329
32	13654	0.0	3	12171 983 266 234
33	15922	0.0	3	14200 1131 313 278
34	11030	0.0	3	9987 693 202 148
35	13015	0.0	3	11192 1210 350 263
36	11540	0.0	3	10503 703 178 156
37	11441	0.0	3	9921 964 286 270
38	9720	0.0	3	8485 762 263 210
39	14266	0.0	3	12798 913 342 213
40	18900	0.0	3	16610 1500 524 266
41	12974	0.0	3	11386 1069 353 166
42	6324	0.0	3	5424 566 226 108
43	3307	0.0	3	2686 390 154 77
44	1734	0.0	3	1320 277 92 45
45	7346	0.0	3	6663 403 184 96
46	3042	0.0	3	2674 220 98 50
47	1035	0.0	3	771 159 60 45
48	3867	0.0	3	3424 297 87 59
49	1981	0.0	3	1725 135 65 56
50	803	0.0	3	638 97 26 42
51	2318	0.0	3	2039 148 81 50
52	2946	0.0	3	2633 134 121 58
53	850	0.0	3	689 99 38 24
54	364	0.0	3	276 50 27 11
55	166	0.0	3	111 28 18 9
56	791	0.0	3	676 59 29 27
57	76	0.0	3	34 13 15 14
58	117	0.0	3	64 24 14 15
59	287	0.0	3	235 15 23 14
60	63	0.0	3	34 8 10 11
61	30	0.0	3	13 7 8 2
62	112	0.0	3	66 9 24 13
63	60	0.0	3	21 9 18 12
64	23	0.0	3	5 5 6 7
65	46	0.0	3	11 5 25 5
66	44	0.0	3	12 8 7 17
67	103	0.0	3	30 23 19 31
68	203	0.0	3	79 55 33 36
69	573	0.0	3	300 136 78 59
70	1340	0.0	3	635 434 182 89
71	2791	0.0	3	1293 910 380 208
72	5146	0.0	3	2205 1756 764 421
73	5642	0.0	3	2153 2070 942 477
74	1787	0.0	3	595 663 325 204
75	862	0.0	3	258 339 160 105
76	696	0.0	3	246 267 125 58
77	665	0.0	3	288 223 91 63
78	856	0.0	3	390 282 123 61
79	1189	0.0	3	609 374 133 73
80	1765	0.0	3	918 537 210 100
81	3296	0.0	3	1745 1039 340 172
82	8041	0.0	3	4591 2358 795 297
83	23752	0.0	3	13968 6830 2107 847
84	57853	0.0	3	36033 16523 3838 1459
85	2916446	0.0	3	2680499 201027 21880 13040
--------------------------------------------
Procesando muestra: SRR21013138
This is cutadapt 5.2 with Python 3.9.25
Command line parameters: -a GATCGGAAGAGCACACGTCTGAACTCCAGTCAC -j 4 -m 20 -q 20 -o /mnt/data/transcriptomica/iperez/proyectofinal/exp/trimmed_fastqs/SRR21013138_trimmed.fastq.gz /mnt/data/transcriptomica/iperez/proyectofinal/data/fastqs/SRR21013138//SRR21013138_1.fastq
Processing single-end reads on 4 cores ...

=== Summary ===

Total reads processed:              40,338,494
Reads with adapters:                 3,312,300 (8.2%)

== Read fate breakdown ==
Reads that were too short:           1,283,584 (3.2%)
Reads written (passing filters):    39,054,910 (96.8%)

Total basepairs processed: 3,428,771,990 bp
Quality-trimmed:               8,520,598 bp (0.2%)
Total written (filtered):  3,287,323,272 bp (95.9%)

=== Adapter 1 ===

Sequence: GATCGGAAGAGCACACGTCTGAACTCCAGTCAC; Type: regular 3'; Length: 33; Trimmed: 3312300 times

Minimum overlap: 3
No. of allowed errors:
1-9 bp: 0; 10-19 bp: 1; 20-29 bp: 2; 30-33 bp: 3

Bases preceding removed adapters:
  A: 46.8%
  C: 4.4%
  G: 3.4%
  T: 6.8%
  none/other: 38.6%

Overview of removed sequences
length	count	expect	max.err	error counts
3	642269	630289.0	0	642269
4	138580	157572.2	0	138580
5	93800	39393.1	0	93800
6	74563	9848.3	0	74563
7	72030	2462.1	0	72030
8	80910	615.5	0	80910
9	58286	153.9	0	56666 1620
10	59265	38.5	1	56822 2443
11	47746	9.6	1	46227 1519
12	59364	2.4	1	57461 1903
13	43803	0.6	1	41832 1971
14	55265	0.2	1	53239 2026
15	30987	0.0	1	29290 1697
16	44078	0.0	1	41827 2251
17	38846	0.0	1	37188 1658
18	35349	0.0	1	33740 1602 7
19	31097	0.0	1	29438 1650 9
20	31848	0.0	2	29850 1625 373
21	26659	0.0	2	25197 1201 261
22	26229	0.0	2	24417 1471 341
23	25625	0.0	2	23699 1551 375
24	27411	0.0	2	25500 1526 385
25	16205	0.0	2	15015 966 224
26	20061	0.0	2	18674 1108 279
27	20692	0.0	2	19069 1295 328
28	19852	0.0	2	17907 1529 414 2
29	15288	0.0	2	14204 871 206 7
30	15354	0.0	3	13965 991 261 137
31	16595	0.0	3	15132 1028 271 164
32	11995	0.0	3	10693 910 253 139
33	14879	0.0	3	13370 997 294 218
34	10368	0.0	3	9171 819 230 148
35	11591	0.0	3	10479 769 212 131
36	12218	0.0	3	10646 1056 324 192
37	10504	0.0	3	9376 721 242 165
38	9337	0.0	3	8040 834 287 176
39	20981	0.0	3	19252 1201 352 176
40	15096	0.0	3	13567 1054 301 174
41	9461	0.0	3	8502 658 202 99
42	2308	0.0	3	1904 265 96 43
43	1934	0.0	3	1606 227 66 35
44	2358	0.0	3	2007 231 72 48
45	6348	0.0	3	5800 329 131 88
46	3630	0.0	3	3259 229 91 51
47	1518	0.0	3	1212 200 61 45
48	3798	0.0	3	3360 300 72 66
49	2509	0.0	3	2223 158 66 62
50	1133	0.0	3	914 125 50 44
51	2757	0.0	3	2447 185 58 67
52	3542	0.0	3	3222 168 106 46
53	1363	0.0	3	1202 102 35 24
54	530	0.0	3	417 63 30 20
55	265	0.0	3	190 38 20 17
56	1124	0.0	3	999 67 30 28
57	124	0.0	3	76 25 9 14
58	120	0.0	3	83 18 12 7
59	403	0.0	3	329 33 22 19
60	107	0.0	3	74 13 9 11
61	31	0.0	3	24 3 1 3
62	175	0.0	3	131 15 15 14
63	67	0.0	3	36 5 6 20
64	27	0.0	3	14 3 2 8
65	63	0.0	3	34 6 16 7
66	65	0.0	3	32 9 7 17
67	65	0.0	3	35 12 7 11
68	116	0.0	3	50 34 18 14
69	295	0.0	3	154 71 40 30
70	669	0.0	3	332 185 103 49
71	1236	0.0	3	553 405 189 89
72	2097	0.0	3	876 711 332 178
73	1920	0.0	3	689 685 355 191
74	561	0.0	3	171 204 111 75
75	327	0.0	3	88 139 65 35
76	292	0.0	3	96 110 51 35
77	263	0.0	3	97 102 39 25
78	369	0.0	3	157 124 56 32
79	503	0.0	3	259 147 68 29
80	744	0.0	3	348 262 90 44
81	1361	0.0	3	735 395 151 80
82	3236	0.0	3	1769 968 356 143
83	9769	0.0	3	5680 2829 894 366
84	23945	0.0	3	14679 6898 1710 658
85	1233746	0.0	3	1136905 82459 9259 5123
--------------------------------------------
Procesando muestra: SRR21013139
This is cutadapt 5.2 with Python 3.9.25
Command line parameters: -a GATCGGAAGAGCACACGTCTGAACTCCAGTCAC -j 4 -m 20 -q 20 -o /mnt/data/transcriptomica/iperez/proyectofinal/exp/trimmed_fastqs/SRR21013139_trimmed.fastq.gz /mnt/data/transcriptomica/iperez/proyectofinal/data/fastqs/SRR21013139//SRR21013139_1.fastq
Processing single-end reads on 4 cores ...

=== Summary ===

Total reads processed:              34,686,577
Reads with adapters:                 3,904,356 (11.3%)

== Read fate breakdown ==
Reads that were too short:           2,667,813 (7.7%)
Reads written (passing filters):    32,018,764 (92.3%)

Total basepairs processed: 2,948,359,045 bp
Quality-trimmed:               7,329,900 bp (0.2%)
Total written (filtered):  2,701,604,865 bp (91.6%)

=== Adapter 1 ===

Sequence: GATCGGAAGAGCACACGTCTGAACTCCAGTCAC; Type: regular 3'; Length: 33; Trimmed: 3904356 times

Minimum overlap: 3
No. of allowed errors:
1-9 bp: 0; 10-19 bp: 1; 20-29 bp: 2; 30-33 bp: 3

Bases preceding removed adapters:
  A: 20.4%
  C: 3.1%
  G: 2.5%
  T: 5.8%
  none/other: 68.2%

Overview of removed sequences
length	count	expect	max.err	error counts
3	500045	541977.8	0	500045
4	106673	135494.4	0	106673
5	54120	33873.6	0	54120
6	35883	8468.4	0	35883
7	32424	2117.1	0	32424
8	35890	529.3	0	35890
9	26622	132.3	0	26085 537
10	26704	33.1	1	25324 1380
11	22457	8.3	1	21683 774
12	27729	2.1	1	26711 1018
13	20227	0.5	1	19245 982
14	26040	0.1	1	25002 1038
15	15000	0.0	1	14105 895
16	21199	0.0	1	20028 1171
17	18084	0.0	1	17195 889
18	17613	0.0	1	16721 887 5
19	15390	0.0	1	14451 927 12
20	16684	0.0	2	15517 932 235
21	13347	0.0	2	12435 739 173
22	13657	0.0	2	12569 877 211
23	13177	0.0	2	12092 885 200
24	14465	0.0	2	13367 901 197
25	8798	0.0	2	8101 553 144
26	11006	0.0	2	10158 672 176
27	11254	0.0	2	10297 746 211
28	10622	0.0	2	9507 871 243 1
29	8974	0.0	2	8177 644 148 5
30	8279	0.0	3	7467 555 165 92
31	8956	0.0	3	8068 596 201 91
32	6817	0.0	3	6038 539 145 95
33	7550	0.0	3	6638 577 172 163
34	7679	0.0	3	6703 662 197 117
35	5811	0.0	3	5164 462 116 69
36	6392	0.0	3	5618 506 153 115
37	6711	0.0	3	5794 598 166 153
38	5240	0.0	3	4556 450 134 100
39	5434	0.0	3	4676 497 170 91
40	7132	0.0	3	6280 579 184 89
41	7223	0.0	3	6437 560 157 69
42	7408	0.0	3	6401 640 237 130
43	6169	0.0	3	5336 537 195 101
44	2498	0.0	3	1989 346 104 59
45	1527	0.0	3	1202 194 92 39
46	1337	0.0	3	1069 183 50 35
47	3211	0.0	3	2839 263 64 45
48	2299	0.0	3	1987 221 56 35
49	922	0.0	3	659 152 78 33
50	1923	0.0	3	1597 182 79 65
51	1546	0.0	3	1371 100 34 41
52	776	0.0	3	615 95 38 28
53	1390	0.0	3	1168 149 38 35
54	2671	0.0	3	2396 190 46 39
55	535	0.0	3	419 69 24 23
56	231	0.0	3	165 38 19 9
57	216	0.0	3	160 34 12 10
58	538	0.0	3	423 58 33 24
59	95	0.0	3	57 16 14 8
60	99	0.0	3	56 19 10 14
61	168	0.0	3	134 14 8 12
62	41	0.0	3	22 9 4 6
63	43	0.0	3	17 9 9 8
64	73	0.0	3	24 11 9 29
65	37	0.0	3	23 8 0 6
66	21	0.0	3	7 3 4 7
67	47	0.0	3	16 17 5 9
68	72	0.0	3	35 18 14 5
69	182	0.0	3	97 44 25 16
70	397	0.0	3	199 116 50 32
71	1321	0.0	3	713 378 150 80
72	3539	0.0	3	1945 995 377 222
73	8351	0.0	3	4314 2600 1010 427
74	8320	0.0	3	3767 2844 1134 575
75	3109	0.0	3	1064 1158 590 297
76	728	0.0	3	240 236 148 104
77	668	0.0	3	281 224 100 63
78	607	0.0	3	260 213 86 48
79	867	0.0	3	464 246 99 58
80	1285	0.0	3	671 404 143 67
81	2461	0.0	3	1409 702 246 104
82	6740	0.0	3	4071 1867 582 220
83	23030	0.0	3	14286 6125 1867 752
84	54409	0.0	3	35415 14124 3510 1360
85	2545141	0.0	3	2354264 163313 18483 9081
--------------------------------------------
Procesando muestra: SRR21013140
This is cutadapt 5.2 with Python 3.9.25
Command line parameters: -a GATCGGAAGAGCACACGTCTGAACTCCAGTCAC -j 4 -m 20 -q 20 -o /mnt/data/transcriptomica/iperez/proyectofinal/exp/trimmed_fastqs/SRR21013140_trimmed.fastq.gz /mnt/data/transcriptomica/iperez/proyectofinal/data/fastqs/SRR21013140//SRR21013140_1.fastq
Processing single-end reads on 4 cores ...

=== Summary ===

Total reads processed:              57,240,938
Reads with adapters:                 5,075,191 (8.9%)

== Read fate breakdown ==
Reads that were too short:           2,985,650 (5.2%)
Reads written (passing filters):    54,255,288 (94.8%)

Total basepairs processed: 4,865,479,730 bp
Quality-trimmed:              11,430,617 bp (0.2%)
Total written (filtered):  4,580,270,387 bp (94.1%)

=== Adapter 1 ===

Sequence: GATCGGAAGAGCACACGTCTGAACTCCAGTCAC; Type: regular 3'; Length: 33; Trimmed: 5075191 times

Minimum overlap: 3
No. of allowed errors:
1-9 bp: 0; 10-19 bp: 1; 20-29 bp: 2; 30-33 bp: 3

Bases preceding removed adapters:
  A: 26.6%
  C: 4.1%
  G: 3.3%
  T: 7.3%
  none/other: 58.7%

Overview of removed sequences
length	count	expect	max.err	error counts
3	869008	894389.7	0	869008
4	181227	223597.4	0	181227
5	102998	55899.4	0	102998
6	67841	13974.8	0	67841
7	62495	3493.7	0	62495
8	68750	873.4	0	68750
9	49205	218.4	0	48300 905
10	50669	54.6	1	48075 2594
11	40731	13.6	1	39326 1405
12	50108	3.4	1	48417 1691
13	36378	0.9	1	34640 1738
14	45246	0.2	1	43464 1782
15	25925	0.1	1	24420 1505
16	36468	0.0	1	34505 1963
17	30471	0.0	1	29081 1390
18	28492	0.0	1	27047 1440 5
19	25126	0.0	1	23644 1467 15
20	25118	0.0	2	23355 1412 351
21	21233	0.0	2	19848 1087 298
22	20801	0.0	2	19274 1219 308
23	20028	0.0	2	18458 1260 310
24	21250	0.0	2	19653 1256 341
25	12442	0.0	2	11415 788 239
26	15599	0.0	2	14275 985 339
27	15501	0.0	2	14134 1073 294
28	15279	0.0	2	13717 1207 354 1
29	11006	0.0	2	10081 721 198 6
30	12146	0.0	3	10836 881 220 209
31	11791	0.0	3	10562 802 251 176
32	8770	0.0	3	7694 734 211 131
33	11623	0.0	3	9988 908 311 416
34	8678	0.0	3	7780 613 176 109
35	9105	0.0	3	8031 719 211 144
36	6264	0.0	3	5527 470 135 132
37	7524	0.0	3	6570 547 172 235
38	7664	0.0	3	6496 726 258 184
39	11318	0.0	3	10284 665 205 164
40	6869	0.0	3	6109 515 139 106
41	5536	0.0	3	4928 393 129 86
42	1627	0.0	3	1368 159 62 38
43	2859	0.0	3	2464 255 60 80
44	3336	0.0	3	2957 247 74 58
45	3591	0.0	3	3096 256 99 140
46	3471	0.0	3	3061 241 102 67
47	1907	0.0	3	1564 218 89 36
48	2436	0.0	3	2044 229 88 75
49	2209	0.0	3	1816 197 94 102
50	1727	0.0	3	1380 145 58 144
51	1603	0.0	3	1326 148 66 63
52	2354	0.0	3	1992 195 89 78
53	2394	0.0	3	2070 201 78 45
54	1350	0.0	3	1140 127 48 35
55	558	0.0	3	433 56 27 42
56	870	0.0	3	674 88 58 50
57	294	0.0	3	204 34 31 25
58	192	0.0	3	127 39 13 13
59	392	0.0	3	264 59 36 33
60	111	0.0	3	63 23 9 16
61	146	0.0	3	86 24 19 17
62	137	0.0	3	77 20 12 28
63	79	0.0	3	29 10 7 33
64	111	0.0	3	32 16 10 53
65	87	0.0	3	50 15 14 8
66	141	0.0	3	57 29 20 35
67	221	0.0	3	97 63 38 23
68	537	0.0	3	235 160 79 63
69	1992	0.0	3	1047 562 257 126
70	2243	0.0	3	1016 699 347 181
71	3038	0.0	3	1283 1000 497 258
72	4217	0.0	3	1610 1466 732 409
73	3121	0.0	3	1021 1174 583 343
74	647	0.0	3	175 221 156 95
75	784	0.0	3	253 321 131 79
76	610	0.0	3	216 214 119 61
77	701	0.0	3	293 242 111 55
78	982	0.0	3	447 329 146 60
79	1262	0.0	3	631 372 175 84
80	1882	0.0	3	930 600 234 118
81	3458	0.0	3	1908 989 372 189
82	7827	0.0	3	4429 2293 754 351
83	22006	0.0	3	12906 6248 2034 818
84	53291	0.0	3	34036 14109 3722 1424
85	2875707	0.0	3	2659761 184905 21484 9557
--------------------------------------------
Procesando muestra: SRR21013141
This is cutadapt 5.2 with Python 3.9.25
Command line parameters: -a GATCGGAAGAGCACACGTCTGAACTCCAGTCAC -j 4 -m 20 -q 20 -o /mnt/data/transcriptomica/iperez/proyectofinal/exp/trimmed_fastqs/SRR21013141_trimmed.fastq.gz /mnt/data/transcriptomica/iperez/proyectofinal/data/fastqs/SRR21013141//SRR21013141_1.fastq
Processing single-end reads on 4 cores ...

=== Summary ===

Total reads processed:              24,214,669
Reads with adapters:                   776,648 (3.2%)

== Read fate breakdown ==
Reads that were too short:               3,827 (0.0%)
Reads written (passing filters):    24,210,842 (100.0%)

Total basepairs processed: 2,058,246,865 bp
Quality-trimmed:               4,919,634 bp (0.2%)
Total written (filtered):  2,046,006,818 bp (99.4%)

=== Adapter 1 ===

Sequence: GATCGGAAGAGCACACGTCTGAACTCCAGTCAC; Type: regular 3'; Length: 33; Trimmed: 776648 times

Minimum overlap: 3
No. of allowed errors:
1-9 bp: 0; 10-19 bp: 1; 20-29 bp: 2; 30-33 bp: 3

Bases preceding removed adapters:
  A: 57.7%
  C: 11.5%
  G: 9.4%
  T: 21.0%
  none/other: 0.4%

Overview of removed sequences
length	count	expect	max.err	error counts
3	365872	378354.2	0	365872
4	70596	94588.6	0	70596
5	35272	23647.1	0	35272
6	21522	5911.8	0	21522
7	18803	1477.9	0	18803
8	20698	369.5	0	20698
9	15562	92.4	0	15020 542
10	15530	23.1	1	14725 805
11	12646	5.8	1	12173 473
12	15726	1.4	1	15158 568
13	11446	0.4	1	10898 548
14	14280	0.1	1	13706 574
15	8474	0.0	1	8003 471
16	11695	0.0	1	11000 695
17	10141	0.0	1	9620 521
18	9390	0.0	1	8872 517 1
19	8084	0.0	1	7577 495 12
20	8080	0.0	2	7493 454 133
21	7220	0.0	2	6706 385 129
22	6843	0.0	2	6303 412 128
23	6638	0.0	2	6018 467 153
24	7078	0.0	2	6502 431 145
25	4543	0.0	2	4147 315 81
26	5321	0.0	2	4870 343 108
27	5291	0.0	2	4800 372 119
28	5078	0.0	2	4552 391 132 3
29	4272	0.0	2	3852 309 105 6
30	3934	0.0	3	3427 315 108 84
31	4270	0.0	3	3735 313 126 96
32	2960	0.0	3	2577 233 88 62
33	3788	0.0	3	3158 297 132 201
34	2699	0.0	3	2305 221 70 103
35	3148	0.0	3	2706 275 85 82
36	2343	0.0	3	1975 185 84 99
37	2271	0.0	3	1896 164 46 165
38	2278	0.0	3	1912 182 84 100
39	1884	0.0	3	1614 137 71 62
40	1768	0.0	3	1471 170 73 54
41	2184	0.0	3	1856 189 75 64
42	1909	0.0	3	1593 194 75 47
43	3068	0.0	3	2723 164 71 110
44	431	0.0	3	325 44 25 37
45	622	0.0	3	481 56 32 53
46	807	0.0	3	654 77 38 38
47	937	0.0	3	757 96 41 43
48	962	0.0	3	738 129 45 50
49	346	0.0	3	243 54 22 27
50	646	0.0	3	437 64 36 109
51	533	0.0	3	400 54 31 48
52	392	0.0	3	272 52 28 40
53	374	0.0	3	280 35 30 29
54	1026	0.0	3	853 87 49 37
55	252	0.0	3	142 44 26 40
56	156	0.0	3	90 25 19 22
57	108	0.0	3	56 16 19 17
58	195	0.0	3	113 24 21 37
59	66	0.0	3	24 8 10 24
60	76	0.0	3	24 16 8 28
61	123	0.0	3	45 12 18 48
62	47	0.0	3	14 8 10 15
63	44	0.0	3	10 4 7 23
64	102	0.0	3	15 6 11 70
65	45	0.0	3	18 6 8 13
66	43	0.0	3	7 6 6 24
67	40	0.0	3	20 5 5 10
68	29	0.0	3	10 1 2 16
69	39	0.0	3	7 4 6 22
70	32	0.0	3	10 4 4 14
71	55	0.0	3	16 5 10 24
72	51	0.0	3	12 2 4 33
73	51	0.0	3	18 4 4 25
74	45	0.0	3	13 4 4 24
75	14	0.0	3	5 4 0 5
76	9	0.0	3	2 1 2 4
77	15	0.0	3	2 2 1 10
78	16	0.0	3	6 1 1 8
79	13	0.0	3	5 1 1 6
80	31	0.0	3	9 1 2 19
81	56	0.0	3	5 2 10 39
82	47	0.0	3	22 7 5 13
83	41	0.0	3	10 12 6 13
84	111	0.0	3	67 21 3 20
85	3015	0.0	3	2586 233 41 155
--------------------------------------------
Procesando muestra: SRR21013142
This is cutadapt 5.2 with Python 3.9.25
Command line parameters: -a GATCGGAAGAGCACACGTCTGAACTCCAGTCAC -j 4 -m 20 -q 20 -o /mnt/data/transcriptomica/iperez/proyectofinal/exp/trimmed_fastqs/SRR21013142_trimmed.fastq.gz /mnt/data/transcriptomica/iperez/proyectofinal/data/fastqs/SRR21013142//SRR21013142_1.fastq
Processing single-end reads on 4 cores ...

=== Summary ===

Total reads processed:              38,215,258
Reads with adapters:                 4,548,558 (11.9%)

== Read fate breakdown ==
Reads that were too short:           2,825,401 (7.4%)
Reads written (passing filters):    35,389,857 (92.6%)

Total basepairs processed: 3,248,296,930 bp
Quality-trimmed:               8,252,602 bp (0.3%)
Total written (filtered):  2,982,264,629 bp (91.8%)

=== Adapter 1 ===

Sequence: GATCGGAAGAGCACACGTCTGAACTCCAGTCAC; Type: regular 3'; Length: 33; Trimmed: 4548558 times

Minimum overlap: 3
No. of allowed errors:
1-9 bp: 0; 10-19 bp: 1; 20-29 bp: 2; 30-33 bp: 3

Bases preceding removed adapters:
  A: 26.0%
  C: 3.7%
  G: 2.9%
  T: 5.4%
  none/other: 62.0%

Overview of removed sequences
length	count	expect	max.err	error counts
3	612199	597113.4	0	612199
4	161569	149278.4	0	161569
5	91048	37319.6	0	91048
6	67440	9329.9	0	67440
7	57329	2332.5	0	57329
8	60848	583.1	0	60848
9	47850	145.8	0	47221 629
10	42783	36.4	1	40744 2039
11	36856	9.1	1	35541 1315
12	46094	2.3	1	44404 1690
13	31271	0.6	1	29748 1523
14	41286	0.1	1	39457 1829
15	22902	0.0	1	21489 1413
16	33161	0.0	1	31176 1985
17	28389	0.0	1	26946 1443
18	25313	0.0	1	24012 1294 7
19	22837	0.0	1	21455 1372 10
20	22284	0.0	2	20646 1294 344
21	19992	0.0	2	18637 1071 284
22	18943	0.0	2	17470 1154 319
23	17651	0.0	2	16185 1179 287
24	19750	0.0	2	18153 1279 318
25	11311	0.0	2	10329 782 200
26	14120	0.0	2	12919 959 242
27	14627	0.0	2	13253 1072 302
28	13478	0.0	2	12043 1092 339 4
29	11155	0.0	2	10161 792 196 6
30	10100	0.0	3	9055 719 216 110
31	11043	0.0	3	9863 821 224 135
32	8040	0.0	3	7103 648 202 87
33	9099	0.0	3	7977 747 224 151
34	8831	0.0	3	7685 767 245 134
35	7678	0.0	3	6833 555 184 106
36	6316	0.0	3	5540 495 165 116
37	6651	0.0	3	5835 527 184 105
38	6165	0.0	3	5438 469 183 75
39	5741	0.0	3	4987 477 176 101
40	6731	0.0	3	5900 553 194 84
41	8208	0.0	3	7304 602 198 104
42	7098	0.0	3	6141 618 223 116
43	6032	0.0	3	5394 446 132 60
44	967	0.0	3	727 140 60 40
45	1439	0.0	3	1183 141 63 52
46	2422	0.0	3	2092 206 84 40
47	3264	0.0	3	2861 244 99 60
48	3096	0.0	3	2716 239 76 65
49	1257	0.0	3	981 163 73 40
50	2010	0.0	3	1624 212 103 71
51	2014	0.0	3	1730 158 76 50
52	1415	0.0	3	1184 135 66 30
53	1487	0.0	3	1226 142 66 53
54	3282	0.0	3	2939 228 76 39
55	801	0.0	3	649 80 41 31
56	435	0.0	3	322 55 35 23
57	316	0.0	3	241 29 25 21
58	680	0.0	3	506 85 55 34
59	155	0.0	3	89 31 22 13
60	148	0.0	3	78 26 19 25
61	231	0.0	3	174 20 21 16
62	97	0.0	3	47 19 17 14
63	61	0.0	3	26 10 18 7
64	79	0.0	3	36 17 9 17
65	64	0.0	3	38 7 9 10
66	44	0.0	3	15 13 11 5
67	54	0.0	3	27 11 10 6
68	111	0.0	3	54 22 16 19
69	237	0.0	3	119 58 31 29
70	722	0.0	3	366 193 110 53
71	2296	0.0	3	1262 643 269 122
72	4556	0.0	3	2362 1331 606 257
73	8679	0.0	3	4048 2889 1170 572
74	8020	0.0	3	3275 2804 1283 658
75	2573	0.0	3	781 953 532 307
76	816	0.0	3	259 295 162 100
77	793	0.0	3	326 256 137 74
78	757	0.0	3	307 266 117 67
79	998	0.0	3	502 308 133 55
80	1542	0.0	3	783 482 186 91
81	2859	0.0	3	1569 858 289 143
82	7536	0.0	3	4374 2191 667 304
83	24628	0.0	3	14704 6963 2054 907
84	57763	0.0	3	36651 15568 3974 1570
85	2697635	0.0	3	2481785 185612 20657 9581
--------------------------------------------
Procesando muestra: SRR21013143
This is cutadapt 5.2 with Python 3.9.25
Command line parameters: -a GATCGGAAGAGCACACGTCTGAACTCCAGTCAC -j 4 -m 20 -q 20 -o /mnt/data/transcriptomica/iperez/proyectofinal/exp/trimmed_fastqs/SRR21013143_trimmed.fastq.gz /mnt/data/transcriptomica/iperez/proyectofinal/data/fastqs/SRR21013143//SRR21013143_1.fastq
Processing single-end reads on 4 cores ...

=== Summary ===

Total reads processed:              37,981,874
Reads with adapters:                 3,820,685 (10.1%)

== Read fate breakdown ==
Reads that were too short:           1,993,800 (5.2%)
Reads written (passing filters):    35,988,074 (94.8%)

Total basepairs processed: 3,228,459,290 bp
Quality-trimmed:               8,354,984 bp (0.3%)
Total written (filtered):  3,031,172,260 bp (93.9%)

=== Adapter 1 ===

Sequence: GATCGGAAGAGCACACGTCTGAACTCCAGTCAC; Type: regular 3'; Length: 33; Trimmed: 3820685 times

Minimum overlap: 3
No. of allowed errors:
1-9 bp: 0; 10-19 bp: 1; 20-29 bp: 2; 30-33 bp: 3

Bases preceding removed adapters:
  A: 34.0%
  C: 4.1%
  G: 3.3%
  T: 6.5%
  none/other: 52.1%

Overview of removed sequences
length	count	expect	max.err	error counts
3	610703	593466.8	0	610703
4	165257	148366.7	0	165257
5	94761	37091.7	0	94761
6	70132	9272.9	0	70132
7	63196	2318.2	0	63196
8	67879	579.6	0	67879
9	51814	144.9	0	51198 616
10	48604	36.2	1	46301 2303
11	41283	9.1	1	39899 1384
12	50954	2.3	1	49069 1885
13	35452	0.6	1	33868 1584
14	46016	0.1	1	44090 1926
15	25543	0.0	1	24028 1515
16	37654	0.0	1	35585 2069
17	31861	0.0	1	30394 1467
18	28843	0.0	1	27438 1402 3
19	25549	0.0	1	24086 1453 10
20	25126	0.0	2	23403 1373 350
21	22453	0.0	2	20940 1190 323
22	20908	0.0	2	19348 1225 335
23	19920	0.0	2	18334 1250 336
24	21884	0.0	2	20216 1334 334
25	13119	0.0	2	12038 843 238
26	15951	0.0	2	14720 945 286
27	16537	0.0	2	15076 1088 373
28	15105	0.0	2	13472 1261 371 1
29	12882	0.0	2	11775 840 258 9
30	11677	0.0	3	10421 854 233 169
31	12836	0.0	3	11510 855 286 185
32	8687	0.0	3	7599 752 219 117
33	11725	0.0	3	10349 849 284 243
34	8019	0.0	3	7054 629 214 122
35	9615	0.0	3	8462 738 257 158
36	7327	0.0	3	6508 541 158 120
37	8600	0.0	3	7521 689 219 171
38	9544	0.0	3	8200 860 279 205
39	12814	0.0	3	11296 991 324 203
40	12306	0.0	3	10734 1041 352 179
41	12043	0.0	3	10522 1057 282 182
42	3305	0.0	3	2574 466 172 93
43	2666	0.0	3	2117 309 154 86
44	1172	0.0	3	859 199 63 51
45	5603	0.0	3	5077 324 119 83
46	1943	0.0	3	1646 165 68 64
47	708	0.0	3	497 134 48 29
48	2988	0.0	3	2638 206 93 51
49	1529	0.0	3	1233 158 71 67
50	559	0.0	3	409 81 32 37
51	2040	0.0	3	1788 153 61 38
52	2515	0.0	3	2226 155 74 60
53	673	0.0	3	521 72 42 38
54	315	0.0	3	231 38 28 18
55	185	0.0	3	112 41 17 15
56	869	0.0	3	729 56 52 32
57	85	0.0	3	34 25 10 16
58	81	0.0	3	46 13 13 9
59	313	0.0	3	253 31 17 12
60	76	0.0	3	37 16 11 12
61	28	0.0	3	9 4 9 6
62	98	0.0	3	71 11 3 13
63	49	0.0	3	21 8 11 9
64	12	0.0	3	5 2 5
65	30	0.0	3	12 5 6 7
66	48	0.0	3	24 10 6 8
67	48	0.0	3	21 12 6 9
68	93	0.0	3	41 27 17 8
69	339	0.0	3	154 105 47 33
70	805	0.0	3	351 267 116 71
71	1846	0.0	3	846 597 288 115
72	3569	0.0	3	1555 1226 516 272
73	4275	0.0	3	1589 1617 687 382
74	1332	0.0	3	432 501 252 147
75	587	0.0	3	163 234 110 80
76	499	0.0	3	184 180 85 50
77	409	0.0	3	165 135 68 41
78	565	0.0	3	237 197 75 56
79	793	0.0	3	390 236 110 57
80	1236	0.0	3	628 404 130 74
81	2215	0.0	3	1174 685 235 121
82	5378	0.0	3	3068 1576 493 241
83	16295	0.0	3	9367 4789 1484 655
84	38929	0.0	3	24032 11031 2739 1127
85	1909003	0.0	3	1753577 132647 14563 8216
--------------------------------------------
Procesando muestra: SRR21013144
This is cutadapt 5.2 with Python 3.9.25
Command line parameters: -a GATCGGAAGAGCACACGTCTGAACTCCAGTCAC -j 4 -m 20 -q 20 -o /mnt/data/transcriptomica/iperez/proyectofinal/exp/trimmed_fastqs/SRR21013144_trimmed.fastq.gz /mnt/data/transcriptomica/iperez/proyectofinal/data/fastqs/SRR21013144//SRR21013144_1.fastq
Processing single-end reads on 4 cores ...

=== Summary ===

Total reads processed:              22,056,268
Reads with adapters:                   638,338 (2.9%)

== Read fate breakdown ==
Reads that were too short:               2,790 (0.0%)
Reads written (passing filters):    22,053,478 (100.0%)

Total basepairs processed: 1,874,782,780 bp
Quality-trimmed:               4,755,205 bp (0.3%)
Total written (filtered):  1,865,300,771 bp (99.5%)

=== Adapter 1 ===

Sequence: GATCGGAAGAGCACACGTCTGAACTCCAGTCAC; Type: regular 3'; Length: 33; Trimmed: 638338 times

Minimum overlap: 3
No. of allowed errors:
1-9 bp: 0; 10-19 bp: 1; 20-29 bp: 2; 30-33 bp: 3

Bases preceding removed adapters:
  A: 45.1%
  C: 16.8%
  G: 13.8%
  T: 24.0%
  none/other: 0.3%

Overview of removed sequences
length	count	expect	max.err	error counts
3	363276	344629.2	0	363276
4	75265	86157.3	0	75265
5	29997	21539.3	0	29997
6	16052	5384.8	0	16052
7	11060	1346.2	0	11060
8	11786	336.6	0	11786
9	9019	84.1	0	8587 432
10	8287	21.0	1	7707 580
11	6932	5.3	1	6552 380
12	8737	1.3	1	8324 413
13	6005	0.3	1	5659 346
14	7825	0.1	1	7417 408
15	4427	0.0	1	4133 294
16	6101	0.0	1	5686 415
17	5323	0.0	1	5037 286
18	4913	0.0	1	4627 282 4
19	4231	0.0	1	3947 271 13
20	4247	0.0	2	3864 288 95
21	3767	0.0	2	3434 227 106
22	3461	0.0	2	3155 225 81
23	3322	0.0	2	3009 229 84
24	3665	0.0	2	3293 263 109
25	2135	0.0	2	1907 157 71
26	2757	0.0	2	2462 209 86
27	2748	0.0	2	2411 228 109
28	2568	0.0	2	2250 215 103
29	1996	0.0	2	1749 172 73 2
30	2214	0.0	3	1877 197 82 58
31	2180	0.0	3	1819 201 92 68
32	1530	0.0	3	1285 131 67 47
33	2001	0.0	3	1671 161 90 79
34	1487	0.0	3	1266 113 69 39
35	1343	0.0	3	1090 130 78 45
36	1274	0.0	3	1090 91 62 31
37	1160	0.0	3	953 99 57 51
38	1170	0.0	3	960 98 75 37
39	1352	0.0	3	1109 115 79 49
40	908	0.0	3	702 116 53 37
41	1258	0.0	3	1033 109 67 49
42	1165	0.0	3	965 107 57 36
43	1383	0.0	3	1188 98 53 44
44	300	0.0	3	232 32 22 14
45	376	0.0	3	278 36 25 37
46	448	0.0	3	336 45 36 31
47	617	0.0	3	485 61 46 25
48	547	0.0	3	428 54 39 26
49	220	0.0	3	164 22 23 11
50	412	0.0	3	289 43 38 42
51	361	0.0	3	276 26 30 29
52	251	0.0	3	176 27 27 21
53	283	0.0	3	212 32 24 15
54	550	0.0	3	459 44 25 22
55	215	0.0	3	142 25 23 25
56	105	0.0	3	57 15 14 19
57	89	0.0	3	50 8 17 14
58	134	0.0	3	92 15 14 13
59	56	0.0	3	32 3 15 6
60	74	0.0	3	28 16 14 16
61	78	0.0	3	42 8 8 20
62	42	0.0	3	14 5 17 6
63	36	0.0	3	12 5 9 10
64	44	0.0	3	20 9 8 7
65	39	0.0	3	21 4 7 7
66	33	0.0	3	10 0 11 12
67	40	0.0	3	21 7 8 4
68	49	0.0	3	25 9 8 7
69	35	0.0	3	9 4 7 15
70	37	0.0	3	11 1 12 13
71	71	0.0	3	44 2 7 18
72	47	0.0	3	23 7 10 7
73	48	0.0	3	31 5 5 7
74	29	0.0	3	15 4 2 8
75	6	0.0	3	1 0 2 3
76	6	0.0	3	1 1 3 1
77	14	0.0	3	6 1 2 5
78	15	0.0	3	8 0 6 1
79	17	0.0	3	13 1 2 1
80	26	0.0	3	19 1 2 4
81	79	0.0	3	50 8 5 16
82	41	0.0	3	26 7 7 1
83	42	0.0	3	26 8 7 1
84	88	0.0	3	48 16 14 10
85	2011	0.0	3	1751 156 34 70
--------------------------------------------
Procesando muestra: SRR21013145
This is cutadapt 5.2 with Python 3.9.25
Command line parameters: -a GATCGGAAGAGCACACGTCTGAACTCCAGTCAC -j 4 -m 20 -q 20 -o /mnt/data/transcriptomica/iperez/proyectofinal/exp/trimmed_fastqs/SRR21013145_trimmed.fastq.gz /mnt/data/transcriptomica/iperez/proyectofinal/data/fastqs/SRR21013145//SRR21013145_1.fastq
Processing single-end reads on 4 cores ...

=== Summary ===

Total reads processed:              31,918,467
Reads with adapters:                 3,429,870 (10.7%)

== Read fate breakdown ==
Reads that were too short:           2,067,205 (6.5%)
Reads written (passing filters):    29,851,262 (93.5%)

Total basepairs processed: 2,713,069,695 bp
Quality-trimmed:               7,397,911 bp (0.3%)
Total written (filtered):  2,517,316,558 bp (92.8%)

=== Adapter 1 ===

Sequence: GATCGGAAGAGCACACGTCTGAACTCCAGTCAC; Type: regular 3'; Length: 33; Trimmed: 3429870 times

Minimum overlap: 3
No. of allowed errors:
1-9 bp: 0; 10-19 bp: 1; 20-29 bp: 2; 30-33 bp: 3

Bases preceding removed adapters:
  A: 23.6%
  C: 5.8%
  G: 4.6%
  T: 5.9%
  none/other: 60.1%

Overview of removed sequences
length	count	expect	max.err	error counts
3	550210	498726.0	0	550210
4	157897	124681.5	0	157897
5	81081	31170.4	0	81081
6	53714	7792.6	0	53714
7	38063	1948.1	0	38063
8	39531	487.0	0	39531
9	34358	121.8	0	33717 641
10	25813	30.4	1	24193 1620
11	24256	7.6	1	23182 1074
12	30270	1.9	1	29022 1248
13	18824	0.5	1	17874 950
14	27759	0.1	1	26416 1343
15	14105	0.0	1	13174 931
16	20800	0.0	1	19503 1297
17	18578	0.0	1	17572 1006
18	15422	0.0	1	14529 888 5
19	14729	0.0	1	13773 948 8
20	13225	0.0	2	12216 784 225
21	13257	0.0	2	12169 841 247
22	11622	0.0	2	10636 761 225
23	10757	0.0	2	9783 781 193
24	12619	0.0	2	11551 797 271
25	7178	0.0	2	6472 534 172
26	9279	0.0	2	8422 637 220
27	9473	0.0	2	8515 729 229
28	8286	0.0	2	7387 678 221
29	7578	0.0	2	6861 536 180 1
30	6197	0.0	3	5427 510 167 93
31	8004	0.0	3	7078 598 209 119
32	4054	0.0	3	3495 380 118 61
33	5862	0.0	3	5052 519 186 105
34	5862	0.0	3	5030 531 185 116
35	4408	0.0	3	3883 367 108 50
36	4952	0.0	3	4275 424 150 103
37	4976	0.0	3	4306 447 149 74
38	5204	0.0	3	4541 432 135 96
39	6891	0.0	3	6016 576 189 110
40	6519	0.0	3	5619 601 200 99
41	6322	0.0	3	5540 512 171 99
42	936	0.0	3	681 157 59 39
43	1679	0.0	3	1383 171 73 52
44	1754	0.0	3	1463 166 81 44
45	3281	0.0	3	2888 248 87 58
46	2786	0.0	3	2458 194 77 57
47	1036	0.0	3	777 145 59 55
48	2412	0.0	3	2053 232 79 48
49	2065	0.0	3	1770 153 80 62
50	1124	0.0	3	945 101 40 38
51	1941	0.0	3	1663 160 69 49
52	2825	0.0	3	2548 158 62 57
53	1594	0.0	3	1413 104 43 34
54	765	0.0	3	645 77 26 17
55	435	0.0	3	350 44 22 19
56	1191	0.0	3	1055 74 39 23
57	199	0.0	3	140 26 20 13
58	173	0.0	3	121 24 10 18
59	440	0.0	3	370 36 14 20
60	117	0.0	3	80 17 10 10
61	61	0.0	3	39 8 6 8
62	136	0.0	3	107 14 8 7
63	53	0.0	3	39 4 6 4
64	31	0.0	3	21 6 2 2
65	37	0.0	3	19 7 7 4
66	53	0.0	3	30 11 2 10
67	89	0.0	3	35 21 17 16
68	210	0.0	3	85 62 32 31
69	644	0.0	3	340 191 74 39
70	1297	0.0	3	610 382 192 113
71	2096	0.0	3	858 731 343 164
72	3236	0.0	3	1341 1105 530 260
73	2711	0.0	3	891 1031 500 289
74	728	0.0	3	208 255 174 91
75	579	0.0	3	164 235 120 60
76	481	0.0	3	159 174 100 48
77	429	0.0	3	181 142 70 36
78	616	0.0	3	277 218 80 41
79	824	0.0	3	422 247 106 49
80	1213	0.0	3	612 379 155 67
81	2291	0.0	3	1233 699 246 113
82	5327	0.0	3	2945 1597 522 263
83	15465	0.0	3	8957 4405 1464 639
84	36629	0.0	3	22400 10402 2693 1134
85	1989946	0.0	3	1825599 140709 16078 7560
--------------------------------------------
Procesando muestra: SRR21013146
This is cutadapt 5.2 with Python 3.9.25
Command line parameters: -a GATCGGAAGAGCACACGTCTGAACTCCAGTCAC -j 4 -m 20 -q 20 -o /mnt/data/transcriptomica/iperez/proyectofinal/exp/trimmed_fastqs/SRR21013146_trimmed.fastq.gz /mnt/data/transcriptomica/iperez/proyectofinal/data/fastqs/SRR21013146//SRR21013146_1.fastq
Processing single-end reads on 4 cores ...

=== Summary ===

Total reads processed:              42,992,392
Reads with adapters:                 3,882,873 (9.0%)

== Read fate breakdown ==
Reads that were too short:           2,496,788 (5.8%)
Reads written (passing filters):    40,495,604 (94.2%)

Total basepairs processed: 3,654,353,320 bp
Quality-trimmed:              11,092,871 bp (0.3%)
Total written (filtered):  3,419,670,488 bp (93.6%)

=== Adapter 1 ===

Sequence: GATCGGAAGAGCACACGTCTGAACTCCAGTCAC; Type: regular 3'; Length: 33; Trimmed: 3882873 times

Minimum overlap: 3
No. of allowed errors:
1-9 bp: 0; 10-19 bp: 1; 20-29 bp: 2; 30-33 bp: 3

Bases preceding removed adapters:
  A: 15.8%
  C: 7.0%
  G: 5.7%
  T: 7.3%
  none/other: 64.2%

Overview of removed sequences
length	count	expect	max.err	error counts
3	725621	671756.1	0	725621
4	177293	167939.0	0	177293
5	72944	41984.8	0	72944
6	36852	10496.2	0	36852
7	18322	2624.0	0	18322
8	18970	656.0	0	18970
9	17492	164.0	0	16720 772
10	13308	41.0	1	11908 1400
11	12792	10.3	1	11850 942
12	17025	2.6	1	15818 1207
13	10042	0.6	1	9275 767
14	16401	0.2	1	15269 1132
15	8222	0.0	1	7517 705
16	12933	0.0	1	11820 1113
17	11627	0.0	1	10733 894
18	10239	0.0	1	9484 752 3
19	9981	0.0	1	9154 819 8
20	9689	0.0	2	8619 731 339
21	10052	0.0	2	8869 822 361
22	8740	0.0	2	7756 739 245
23	8176	0.0	2	7276 636 264
24	10416	0.0	2	9190 900 326
25	5765	0.0	2	5035 498 232
26	7639	0.0	2	6670 672 297
27	8756	0.0	2	7562 819 374 1
28	7282	0.0	2	6275 716 289 2
29	7008	0.0	2	6158 593 253 4
30	6044	0.0	3	5034 558 256 196
31	8058	0.0	3	6836 711 298 213
32	4040	0.0	3	3335 407 188 110
33	5920	0.0	3	4913 555 252 200
34	6278	0.0	3	5142 632 299 205
35	6398	0.0	3	5148 739 292 219
36	5868	0.0	3	4890 578 235 165
37	5614	0.0	3	4520 654 257 183
38	7117	0.0	3	5728 793 373 223
39	12092	0.0	3	10440 1046 387 219
40	11366	0.0	3	9577 1202 379 208
41	7142	0.0	3	5848 807 314 173
42	2753	0.0	3	2064 415 180 94
43	2222	0.0	3	1665 336 127 94
44	1536	0.0	3	1049 294 108 85
45	5179	0.0	3	4500 410 159 110
46	2514	0.0	3	2097 241 86 90
47	974	0.0	3	622 188 94 70
48	2857	0.0	3	2411 272 101 73
49	2834	0.0	3	2425 230 100 79
50	1078	0.0	3	811 147 72 48
51	2473	0.0	3	2031 271 100 71
52	4735	0.0	3	4244 266 117 108
53	1527	0.0	3	1289 139 50 49
54	794	0.0	3	602 107 48 37
55	371	0.0	3	257 58 29 27
56	1451	0.0	3	1219 116 59 57
57	191	0.0	3	123 30 18 20
58	169	0.0	3	92 36 23 18
59	594	0.0	3	487 53 29 25
60	149	0.0	3	86 27 20 16
61	61	0.0	3	31 8 17 5
62	163	0.0	3	122 18 10 13
63	100	0.0	3	64 12 16 8
64	25	0.0	3	10 6 4 5
65	79	0.0	3	35 22 17 5
66	84	0.0	3	37 20 17 10
67	133	0.0	3	61 30 27 15
68	279	0.0	3	145 74 33 27
69	771	0.0	3	406 203 95 67
70	1648	0.0	3	835 475 241 97
71	3125	0.0	3	1504 1015 396 210
72	5366	0.0	3	2416 1770 798 382
73	5422	0.0	3	2063 2025 852 482
74	1398	0.0	3	480 494 273 151
75	813	0.0	3	255 326 152 80
76	750	0.0	3	289 263 121 77
77	588	0.0	3	271 197 79 41
78	887	0.0	3	431 292 104 60
79	1141	0.0	3	623 336 126 56
80	1740	0.0	3	931 515 199 95
81	3215	0.0	3	1790 944 346 135
82	7525	0.0	3	4504 2085 636 300
83	22430	0.0	3	13659 6085 1874 812
84	52145	0.0	3	33323 14081 3382 1359
85	2379060	0.0	3	2192884 158810 17708 9658
--------------------------------------------
Procesando muestra: SRR21013147
This is cutadapt 5.2 with Python 3.9.25
Command line parameters: -a GATCGGAAGAGCACACGTCTGAACTCCAGTCAC -j 4 -m 20 -q 20 -o /mnt/data/transcriptomica/iperez/proyectofinal/exp/trimmed_fastqs/SRR21013147_trimmed.fastq.gz /mnt/data/transcriptomica/iperez/proyectofinal/data/fastqs/SRR21013147//SRR21013147_1.fastq
Processing single-end reads on 4 cores ...

=== Summary ===

Total reads processed:              60,097,710
Reads with adapters:                 3,936,135 (6.5%)

== Read fate breakdown ==
Reads that were too short:           1,285,968 (2.1%)
Reads written (passing filters):    58,811,742 (97.9%)

Total basepairs processed: 5,108,305,350 bp
Quality-trimmed:              14,365,632 bp (0.3%)
Total written (filtered):  4,959,542,030 bp (97.1%)

=== Adapter 1 ===

Sequence: GATCGGAAGAGCACACGTCTGAACTCCAGTCAC; Type: regular 3'; Length: 33; Trimmed: 3936135 times

Minimum overlap: 3
No. of allowed errors:
1-9 bp: 0; 10-19 bp: 1; 20-29 bp: 2; 30-33 bp: 3

Bases preceding removed adapters:
  A: 39.4%
  C: 9.8%
  G: 8.0%
  T: 10.2%
  none/other: 32.5%

Overview of removed sequences
length	count	expect	max.err	error counts
3	1085685	939026.7	0	1085685
4	303680	234756.7	0	303680
5	155112	58689.2	0	155112
6	102980	14672.3	0	102980
7	70913	3668.1	0	70913
8	74190	917.0	0	74190
9	65520	229.3	0	64183 1337
10	48161	57.3	1	45201 2960
11	45633	14.3	1	43600 2033
12	57793	3.6	1	55395 2398
13	35575	0.9	1	33753 1822
14	53874	0.2	1	51283 2591
15	26759	0.1	1	25056 1703
16	40454	0.0	1	37833 2621
17	36223	0.0	1	34259 1964
18	29545	0.0	1	27944 1584 17
19	28284	0.0	1	26433 1834 17
20	25962	0.0	2	24047 1508 407
21	25489	0.0	2	23557 1490 442
22	22413	0.0	2	20649 1369 395
23	20898	0.0	2	19140 1400 358
24	24676	0.0	2	22618 1585 473
25	13935	0.0	2	12713 937 285
26	17933	0.0	2	16303 1196 434
27	18977	0.0	2	17038 1477 460 2
28	16774	0.0	2	14959 1382 431 2
29	14031	0.0	2	12720 1020 284 7
30	13133	0.0	3	11590 1044 293 206
31	15075	0.0	3	13467 1077 335 196
32	8881	0.0	3	7714 760 241 166
33	11122	0.0	3	9707 941 298 176
34	12678	0.0	3	10912 1081 389 296
35	10294	0.0	3	9194 694 241 165
36	9232	0.0	3	7905 841 300 186
37	8774	0.0	3	7660 733 212 169
38	11375	0.0	3	9808 1014 341 212
39	14145	0.0	3	12703 965 320 157
40	14076	0.0	3	12490 1052 327 207
41	9855	0.0	3	8690 768 250 147
42	5064	0.0	3	4395 426 151 92
43	3001	0.0	3	2477 316 116 92
44	2249	0.0	3	1766 269 117 97
45	7599	0.0	3	6887 422 177 113
46	4409	0.0	3	3931 299 94 85
47	1619	0.0	3	1200 243 108 68
48	4768	0.0	3	4248 315 117 88
49	4107	0.0	3	3649 262 117 79
50	1706	0.0	3	1403 173 68 62
51	3838	0.0	3	3386 290 100 62
52	5783	0.0	3	5264 303 114 102
53	2104	0.0	3	1819 163 70 52
54	898	0.0	3	742 88 32 36
55	614	0.0	3	498 67 28 21
56	2336	0.0	3	2115 118 55 48
57	287	0.0	3	200 29 29 29
58	257	0.0	3	175 39 27 16
59	833	0.0	3	725 61 21 26
60	170	0.0	3	114 18 21 17
61	106	0.0	3	66 16 11 13
62	241	0.0	3	196 20 15 10
63	94	0.0	3	78 6 5 5
64	33	0.0	3	13 7 2 11
65	63	0.0	3	38 6 13 6
66	72	0.0	3	36 11 11 14
67	129	0.0	3	90 17 13 9
68	135	0.0	3	67 36 22 10
69	350	0.0	3	165 89 52 44
70	712	0.0	3	362 180 109 61
71	1225	0.0	3	567 372 186 100
72	2064	0.0	3	878 687 312 187
73	1889	0.0	3	648 671 363 207
74	490	0.0	3	133 172 110 75
75	333	0.0	3	110 132 58 33
76	268	0.0	3	104 96 41 27
77	311	0.0	3	124 95 49 43
78	414	0.0	3	176 149 55 34
79	523	0.0	3	266 160 58 39
80	784	0.0	3	404 252 76 52
81	1485	0.0	3	800 445 175 65
82	3467	0.0	3	1996 972 355 144
83	10003	0.0	3	5748 2910 918 427
84	25248	0.0	3	15701 7202 1657 688
85	1233945	0.0	3	1135500 82751 9657 6037
--------------------------------------------
Procesando muestra: SRR21013148
This is cutadapt 5.2 with Python 3.9.25
Command line parameters: -a GATCGGAAGAGCACACGTCTGAACTCCAGTCAC -j 4 -m 20 -q 20 -o /mnt/data/transcriptomica/iperez/proyectofinal/exp/trimmed_fastqs/SRR21013148_trimmed.fastq.gz /mnt/data/transcriptomica/iperez/proyectofinal/data/fastqs/SRR21013148//SRR21013148_1.fastq
Processing single-end reads on 4 cores ...

=== Summary ===

Total reads processed:              21,368,613
Reads with adapters:                 2,351,566 (11.0%)

== Read fate breakdown ==
Reads that were too short:           1,394,719 (6.5%)
Reads written (passing filters):    19,973,894 (93.5%)

Total basepairs processed: 1,816,332,105 bp
Quality-trimmed:               5,172,555 bp (0.3%)
Total written (filtered):  1,683,345,699 bp (92.7%)

=== Adapter 1 ===

Sequence: GATCGGAAGAGCACACGTCTGAACTCCAGTCAC; Type: regular 3'; Length: 33; Trimmed: 2351566 times

Minimum overlap: 3
No. of allowed errors:
1-9 bp: 0; 10-19 bp: 1; 20-29 bp: 2; 30-33 bp: 3

Bases preceding removed adapters:
  A: 24.7%
  C: 5.8%
  G: 4.6%
  T: 5.7%
  none/other: 59.2%

Overview of removed sequences
length	count	expect	max.err	error counts
3	371401	333884.6	0	371401
4	110370	83471.1	0	110370
5	57244	20867.8	0	57244
6	38856	5216.9	0	38856
7	27284	1304.2	0	27284
8	27710	326.1	0	27710
9	25449	81.5	0	24995 454
10	17451	20.4	1	16336 1115
11	17413	5.1	1	16611 802
12	22536	1.3	1	21499 1037
13	13023	0.3	1	12259 764
14	20404	0.1	1	19292 1112
15	9888	0.0	1	9191 697
16	14997	0.0	1	13958 1039
17	13893	0.0	1	13045 848
18	11181	0.0	1	10618 559 4
19	10489	0.0	1	9764 715 10
20	9337	0.0	2	8574 613 150
21	9770	0.0	2	8960 660 150
22	8417	0.0	2	7658 602 157
23	7713	0.0	2	6999 571 143
24	9118	0.0	2	8304 652 162
25	5376	0.0	2	4888 380 108
26	6816	0.0	2	6212 467 137
27	6842	0.0	2	6092 571 179
28	6647	0.0	2	5905 581 159 2
29	4806	0.0	2	4366 356 83 1
30	5627	0.0	3	4998 427 137 65
31	5196	0.0	3	4601 401 126 68
32	3518	0.0	3	3041 312 101 64
33	4677	0.0	3	4051 423 126 77
34	3732	0.0	3	3291 291 92 58
35	4288	0.0	3	3779 322 111 76
36	3710	0.0	3	3216 327 99 68
37	3198	0.0	3	2819 260 81 38
38	3354	0.0	3	2881 337 91 45
39	6805	0.0	3	6127 467 140 71
40	3867	0.0	3	3400 335 87 45
41	2314	0.0	3	2037 191 56 30
42	1543	0.0	3	1361 109 45 28
43	1218	0.0	3	1013 129 52 24
44	1710	0.0	3	1456 167 56 31
45	2450	0.0	3	2147 204 61 38
46	2328	0.0	3	2104 147 50 27
47	972	0.0	3	770 117 48 37
48	1702	0.0	3	1470 133 63 36
49	1862	0.0	3	1624 134 59 45
50	1149	0.0	3	982 117 33 17
51	1404	0.0	3	1174 141 56 33
52	2176	0.0	3	1941 157 37 41
53	1294	0.0	3	1163 81 25 25
54	742	0.0	3	628 76 21 17
55	453	0.0	3	385 39 18 11
56	915	0.0	3	814 64 21 16
57	238	0.0	3	177 24 21 16
58	124	0.0	3	94 14 7 9
59	329	0.0	3	283 16 14 16
60	110	0.0	3	70 20 15 5
61	72	0.0	3	44 8 9 11
62	100	0.0	3	77 13 9 1
63	56	0.0	3	40 7 7 2
64	23	0.0	3	13 9 0 1
65	33	0.0	3	20 11 2
66	50	0.0	3	25 14 5 6
67	95	0.0	3	48 21 12 14
68	228	0.0	3	109 65 34 20
69	666	0.0	3	353 197 67 49
70	1027	0.0	3	496 307 162 62
71	1470	0.0	3	624 480 232 134
72	1947	0.0	3	767 658 334 188
73	1378	0.0	3	431 481 305 161
74	319	0.0	3	95 97 73 54
75	408	0.0	3	109 178 74 47
76	332	0.0	3	133 111 56 32
77	324	0.0	3	131 109 60 24
78	448	0.0	3	211 133 69 35
79	556	0.0	3	275 177 75 29
80	908	0.0	3	459 277 117 55
81	1670	0.0	3	874 521 188 87
82	3778	0.0	3	2189 1055 349 185
83	11022	0.0	3	6461 3144 1001 416
84	27335	0.0	3	17507 7201 1881 746
85	1339885	0.0	3	1236866 87208 10041 5770
--------------------------------------------
Procesando muestra: SRR21013149
This is cutadapt 5.2 with Python 3.9.25
Command line parameters: -a GATCGGAAGAGCACACGTCTGAACTCCAGTCAC -j 4 -m 20 -q 20 -o /mnt/data/transcriptomica/iperez/proyectofinal/exp/trimmed_fastqs/SRR21013149_trimmed.fastq.gz /mnt/data/transcriptomica/iperez/proyectofinal/data/fastqs/SRR21013149//SRR21013149_1.fastq
Processing single-end reads on 4 cores ...

=== Summary ===

Total reads processed:              48,480,375
Reads with adapters:                 3,689,382 (7.6%)

== Read fate breakdown ==
Reads that were too short:           1,911,154 (3.9%)
Reads written (passing filters):    46,569,221 (96.1%)

Total basepairs processed: 4,120,831,875 bp
Quality-trimmed:              11,643,335 bp (0.3%)
Total written (filtered):  3,931,669,489 bp (95.4%)

=== Adapter 1 ===

Sequence: GATCGGAAGAGCACACGTCTGAACTCCAGTCAC; Type: regular 3'; Length: 33; Trimmed: 3689382 times

Minimum overlap: 3
No. of allowed errors:
1-9 bp: 0; 10-19 bp: 1; 20-29 bp: 2; 30-33 bp: 3

Bases preceding removed adapters:
  A: 23.7%
  C: 8.8%
  G: 7.1%
  T: 8.7%
  none/other: 51.6%

Overview of removed sequences
length	count	expect	max.err	error counts
3	847573	757505.9	0	847573
4	229022	189376.5	0	229022
5	105651	47344.1	0	105651
6	64497	11836.0	0	64497
7	35201	2959.0	0	35201
8	35633	739.8	0	35633
9	32800	184.9	0	31694 1106
10	23043	46.2	1	21220 1823
11	22548	11.6	1	21369 1179
12	29102	2.9	1	27657 1445
13	17117	0.7	1	16125 992
14	26904	0.2	1	25542 1362
15	13101	0.0	1	12237 864
16	20303	0.0	1	18886 1417
17	18486	0.0	1	17371 1115
18	15091	0.0	1	14198 892 1
19	14914	0.0	1	13909 1001 4
20	13363	0.0	2	12267 833 263
21	14079	0.0	2	12830 959 290
22	11878	0.0	2	10797 829 252
23	10924	0.0	2	9903 757 264
24	13577	0.0	2	12288 970 319
25	7444	0.0	2	6725 545 174
26	9998	0.0	2	9004 745 249
27	10377	0.0	2	9207 854 315 1
28	8847	0.0	2	7796 815 236
29	7508	0.0	2	6780 531 191 6
30	7829	0.0	3	6784 600 283 162
31	9168	0.0	3	8055 719 245 149
32	4768	0.0	3	4042 442 182 102
33	7570	0.0	3	6582 629 226 133
34	5092	0.0	3	4422 415 161 94
35	5977	0.0	3	5142 524 196 115
36	5870	0.0	3	5029 540 184 117
37	6071	0.0	3	5250 512 197 112
38	6040	0.0	3	5199 551 171 119
39	5843	0.0	3	5133 461 153 96
40	5927	0.0	3	5016 604 191 116
41	8150	0.0	3	7364 500 177 109
42	3878	0.0	3	3385 329 104 60
43	3266	0.0	3	2811 283 103 69
44	2654	0.0	3	2201 261 96 96
45	4051	0.0	3	3491 302 154 104
46	3910	0.0	3	3487 248 109 66
47	1507	0.0	3	1168 199 93 47
48	2842	0.0	3	2431 255 83 73
49	3034	0.0	3	2614 219 116 85
50	1884	0.0	3	1576 205 53 50
51	2235	0.0	3	1885 219 83 48
52	4136	0.0	3	3682 267 111 76
53	2982	0.0	3	2655 213 74 40
54	1557	0.0	3	1309 149 52 47
55	777	0.0	3	630 84 43 20
56	1578	0.0	3	1386 103 46 43
57	450	0.0	3	336 58 25 31
58	269	0.0	3	202 26 26 15
59	631	0.0	3	532 51 25 23
60	190	0.0	3	134 30 17 9
61	124	0.0	3	84 20 8 12
62	186	0.0	3	142 21 12 11
63	96	0.0	3	68 6 15 7
64	64	0.0	3	33 10 12 9
65	77	0.0	3	39 20 8 10
66	80	0.0	3	43 17 11 9
67	149	0.0	3	60 37 35 17
68	331	0.0	3	167 80 61 23
69	1010	0.0	3	518 282 141 69
70	1441	0.0	3	720 413 202 106
71	1967	0.0	3	822 663 304 178
72	2679	0.0	3	1058 886 481 254
73	2037	0.0	3	671 717 408 241
74	455	0.0	3	128 162 87 78
75	541	0.0	3	176 214 94 57
76	428	0.0	3	155 140 87 46
77	514	0.0	3	245 145 75 49
78	698	0.0	3	326 219 98 55
79	878	0.0	3	451 254 106 67
80	1279	0.0	3	705 359 142 73
81	2300	0.0	3	1253 645 266 136
82	5266	0.0	3	3021 1466 525 254
83	14692	0.0	3	8747 3954 1400 591
84	37896	0.0	3	24406 9862 2586 1042
85	1835077	0.0	3	1700548 112423 13983 8123
--------------------------------------------
Procesando muestra: SRR21013150
This is cutadapt 5.2 with Python 3.9.25
Command line parameters: -a GATCGGAAGAGCACACGTCTGAACTCCAGTCAC -j 4 -m 20 -q 20 -o /mnt/data/transcriptomica/iperez/proyectofinal/exp/trimmed_fastqs/SRR21013150_trimmed.fastq.gz /mnt/data/transcriptomica/iperez/proyectofinal/data/fastqs/SRR21013150//SRR21013150_1.fastq
Processing single-end reads on 4 cores ...

=== Summary ===

Total reads processed:              42,621,366
Reads with adapters:                 2,452,624 (5.8%)

== Read fate breakdown ==
Reads that were too short:             605,077 (1.4%)
Reads written (passing filters):    42,016,289 (98.6%)

Total basepairs processed: 3,622,816,110 bp
Quality-trimmed:               9,937,281 bp (0.3%)
Total written (filtered):  3,544,692,874 bp (97.8%)

=== Adapter 1 ===

Sequence: GATCGGAAGAGCACACGTCTGAACTCCAGTCAC; Type: regular 3'; Length: 33; Trimmed: 2452624 times

Minimum overlap: 3
No. of allowed errors:
1-9 bp: 0; 10-19 bp: 1; 20-29 bp: 2; 30-33 bp: 3

Bases preceding removed adapters:
  A: 42.1%
  C: 12.1%
  G: 9.6%
  T: 11.6%
  none/other: 24.6%

Overview of removed sequences
length	count	expect	max.err	error counts
3	786064	665958.8	0	786064
4	223891	166489.7	0	223891
5	111913	41622.4	0	111913
6	74485	10405.6	0	74485
7	48140	2601.4	0	48140
8	49147	650.4	0	49147
9	43506	162.6	0	42675 831
10	31004	40.6	1	29004 2000
11	30404	10.2	1	29096 1308
12	38521	2.5	1	36956 1565
13	22628	0.6	1	21372 1256
14	35565	0.2	1	33747 1818
15	17406	0.0	1	16313 1093
16	26156	0.0	1	24474 1682
17	23752	0.0	1	22410 1342
18	19293	0.0	1	18247 1044 2
19	18410	0.0	1	17209 1196 5
20	16374	0.0	2	15097 1037 240
21	16949	0.0	2	15593 1070 286
22	14366	0.0	2	13230 904 232
23	13136	0.0	2	12020 901 215
24	15947	0.0	2	14581 1090 276
25	8483	0.0	2	7687 647 149
26	10910	0.0	2	9911 776 223
27	12227	0.0	2	10928 1031 267 1
28	10055	0.0	2	8907 902 244 2
29	9377	0.0	2	8459 720 195 3
30	7775	0.0	3	6874 632 174 95
31	9167	0.0	3	8110 726 205 126
32	6027	0.0	3	5258 531 150 88
33	7790	0.0	3	6763 696 208 123
34	7508	0.0	3	6616 618 174 100
35	5657	0.0	3	4913 470 171 103
36	6711	0.0	3	5964 523 143 81
37	4353	0.0	3	3693 424 141 95
38	6338	0.0	3	5446 594 208 90
39	12216	0.0	3	11224 716 184 92
40	5630	0.0	3	5021 437 104 68
41	3221	0.0	3	2839 230 92 60
42	982	0.0	3	789 107 50 36
43	2015	0.0	3	1713 207 56 39
44	2891	0.0	3	2527 232 74 58
45	3797	0.0	3	3394 254 90 59
46	3802	0.0	3	3427 236 86 53
47	1891	0.0	3	1563 212 66 50
48	2741	0.0	3	2397 228 81 35
49	2901	0.0	3	2560 215 74 52
50	2063	0.0	3	1819 150 57 37
51	2245	0.0	3	1978 187 42 38
52	3393	0.0	3	3059 211 71 52
53	2434	0.0	3	2225 143 37 29
54	1450	0.0	3	1274 111 44 21
55	881	0.0	3	767 72 26 16
56	1647	0.0	3	1469 117 28 33
57	503	0.0	3	404 56 23 20
58	325	0.0	3	273 27 12 13
59	701	0.0	3	619 47 16 19
60	183	0.0	3	154 14 9 6
61	129	0.0	3	100 16 9 4
62	185	0.0	3	158 19 3 5
63	98	0.0	3	76 6 9 7
64	28	0.0	3	20 3 2 3
65	53	0.0	3	32 13 7 1
66	41	0.0	3	22 6 3 10
67	57	0.0	3	33 7 10 7
68	130	0.0	3	56 44 15 15
69	362	0.0	3	179 104 45 34
70	520	0.0	3	261 154 73 32
71	658	0.0	3	290 200 102 66
72	872	0.0	3	312 296 185 79
73	611	0.0	3	198 230 120 63
74	152	0.0	3	46 50 41 15
75	169	0.0	3	53 65 28 23
76	135	0.0	3	60 40 20 15
77	176	0.0	3	93 48 21 14
78	241	0.0	3	114 65 40 22
79	270	0.0	3	131 93 30 16
80	408	0.0	3	217 134 40 17
81	721	0.0	3	402 203 73 43
82	1725	0.0	3	983 498 167 77
83	4679	0.0	3	2821 1262 410 186
84	12070	0.0	3	7472 3479 788 331
85	580787	0.0	3	534859 38408 4432 3088
¡Procesamiento con Cutadapt finalizado con éxito!
